2018-06-14 12:08:41.998  INFO 15876 --- [main] l.Application                            : Starting Application on Sergeeva with PID 15876 (D:\homework\logging\target\classes started by Ксения Сергеева in D:\homework\logging)
2018-06-14 12:08:42.003  INFO 15876 --- [main] l.Application                            : No active profile set, falling back to default profiles: default
2018-06-14 12:08:42.061  INFO 15876 --- [main] ConfigServletWebServerApplicationContext : Refreshing org.springframework.boot.web.servlet.context.AnnotationConfigServletWebServerApplicationContext@4e268090: startup date [Thu Jun 14 12:08:42 YEKT 2018]; root of context hierarchy
2018-06-14 12:08:42.797  INFO 15876 --- [main] o.s.b.w.e.t.TomcatWebServer              : Tomcat initialized with port(s): 8080 (http)
2018-06-14 12:08:42.825  INFO 15876 --- [main] o.a.c.c.StandardService                  : Starting service [Tomcat]
2018-06-14 12:08:42.825  INFO 15876 --- [main] o.a.c.c.StandardEngine                   : Starting Servlet Engine: Apache Tomcat/8.5.31
2018-06-14 12:08:42.832  INFO 15876 --- [localhost-startStop-1] o.a.c.c.AprLifecycleListener             : The APR based Apache Tomcat Native library which allows optimal performance in production environments was not found on the java.library.path: [C:\Program Files\Java\jdk1.8.0_111\bin;C:\WINDOWS\Sun\Java\bin;C:\WINDOWS\system32;C:\WINDOWS;C:\ProgramData\Oracle\Java\javapath;C:\Program Files (x86)\Common Files\Intel\Shared Files\cpp\bin\Intel64;C:\WINDOWS\system32;C:\WINDOWS;C:\WINDOWS\System32\Wbem;C:\WINDOWS\System32\WindowsPowerShell\v1.0\;C:\Program Files\Maven3\apache-maven-3.5.0\bin\;C:\Program Files\Java\jdk1.8.0_111\bin\;C:\Program Files\Git\cmd;C:\Program Files\nodejs\;C:\Program Files (x86)\Kaspersky Lab\Kaspersky Endpoint Security 10 for Windows SP2\;C:\WINDOWS\System32\OpenSSH\;"C:\Users\Ксения Сергеева\AppData\Local\Microsoft\WindowsApps;C:\Program Files\Maven3\apache-maven-3.5.0\bin";C:\Users\Ксения Сергеева\AppData\Roaming\npm;C:\Users\Ксения Сергеева\AppData\Local\Microsoft\WindowsApps;;.]
2018-06-14 12:08:42.915  INFO 15876 --- [localhost-startStop-1] o.a.c.c.C.[.[.[/]                        : Initializing Spring embedded WebApplicationContext
2018-06-14 12:08:42.915  INFO 15876 --- [localhost-startStop-1] o.s.w.c.ContextLoader                    : Root WebApplicationContext: initialization completed in 880 ms
2018-06-14 12:08:42.997  INFO 15876 --- [localhost-startStop-1] o.s.b.w.s.ServletRegistrationBean        : Servlet dispatcherServlet mapped to [/]
2018-06-14 12:08:43.000  INFO 15876 --- [localhost-startStop-1] o.s.b.w.s.FilterRegistrationBean         : Mapping filter: 'characterEncodingFilter' to: [/*]
2018-06-14 12:08:43.000  INFO 15876 --- [localhost-startStop-1] o.s.b.w.s.FilterRegistrationBean         : Mapping filter: 'hiddenHttpMethodFilter' to: [/*]
2018-06-14 12:08:43.001  INFO 15876 --- [localhost-startStop-1] o.s.b.w.s.FilterRegistrationBean         : Mapping filter: 'httpPutFormContentFilter' to: [/*]
2018-06-14 12:08:43.001  INFO 15876 --- [localhost-startStop-1] o.s.b.w.s.FilterRegistrationBean         : Mapping filter: 'requestContextFilter' to: [/*]
2018-06-14 12:08:43.089  INFO 15876 --- [main] o.s.w.s.h.SimpleUrlHandlerMapping        : Mapped URL path [/**/favicon.ico] onto handler of type [class org.springframework.web.servlet.resource.ResourceHttpRequestHandler]
2018-06-14 12:08:43.234  INFO 15876 --- [main] s.w.s.m.m.a.RequestMappingHandlerAdapter : Looking for @ControllerAdvice: org.springframework.boot.web.servlet.context.AnnotationConfigServletWebServerApplicationContext@4e268090: startup date [Thu Jun 14 12:08:42 YEKT 2018]; root of context hierarchy
2018-06-14 12:08:43.323  INFO 15876 --- [main] s.w.s.m.m.a.RequestMappingHandlerMapping : Mapped "{[/in],methods=[GET]}" onto public java.lang.String logging.ControllerLogging.getIn()
2018-06-14 12:08:43.325  INFO 15876 --- [main] s.w.s.m.m.a.RequestMappingHandlerMapping : Mapped "{[/error]}" onto public org.springframework.http.ResponseEntity<java.util.Map<java.lang.String, java.lang.Object>> org.springframework.boot.autoconfigure.web.servlet.error.BasicErrorController.error(javax.servlet.http.HttpServletRequest)
2018-06-14 12:08:43.326  INFO 15876 --- [main] s.w.s.m.m.a.RequestMappingHandlerMapping : Mapped "{[/error],produces=[text/html]}" onto public org.springframework.web.servlet.ModelAndView org.springframework.boot.autoconfigure.web.servlet.error.BasicErrorController.errorHtml(javax.servlet.http.HttpServletRequest,javax.servlet.http.HttpServletResponse)
2018-06-14 12:08:43.344  INFO 15876 --- [main] o.s.w.s.h.SimpleUrlHandlerMapping        : Mapped URL path [/webjars/**] onto handler of type [class org.springframework.web.servlet.resource.ResourceHttpRequestHandler]
2018-06-14 12:08:43.344  INFO 15876 --- [main] o.s.w.s.h.SimpleUrlHandlerMapping        : Mapped URL path [/**] onto handler of type [class org.springframework.web.servlet.resource.ResourceHttpRequestHandler]
2018-06-14 12:08:43.434  INFO 15876 --- [main] o.s.j.e.a.AnnotationMBeanExporter        : Registering beans for JMX exposure on startup
2018-06-14 12:08:43.466  INFO 15876 --- [main] o.s.b.w.e.t.TomcatWebServer              : Tomcat started on port(s): 8080 (http) with context path ''
2018-06-14 12:08:43.469  INFO 15876 --- [main] l.Application                            : Started Application in 1.726 seconds (JVM running for 2.292)
2018-06-14 12:08:47.956  INFO 15876 --- [http-nio-8080-exec-1] o.a.c.c.C.[.[.[/]                        : Initializing Spring FrameworkServlet 'dispatcherServlet'
2018-06-14 12:08:47.956  INFO 15876 --- [http-nio-8080-exec-1] o.s.w.s.DispatcherServlet                : FrameworkServlet 'dispatcherServlet': initialization started
2018-06-14 12:08:47.966  INFO 15876 --- [http-nio-8080-exec-1] o.s.w.s.DispatcherServlet                : FrameworkServlet 'dispatcherServlet': initialization completed in 10 ms
2018-06-14 12:08:47.980  INFO 15876 --- [http-nio-8080-exec-1] l.ControllerLogging                      : This is info message
2018-06-14 12:08:47.980  WARN 15876 --- [http-nio-8080-exec-1] l.ControllerLogging                      : This is warn message
2018-06-14 12:08:47.980 ERROR 15876 --- [http-nio-8080-exec-1] l.ControllerLogging                      : This is error message
2018-06-14 12:08:47.980 FATAL 15876 --- [http-nio-8080-exec-1] l.ControllerLogging                      : This is fatal message
