[INFO ] 2018-06-14 12:14:48.338 [localhost-startStop-1] ContextLoader - Root WebApplicationContext: initialization completed in 902 ms
[INFO ] 2018-06-14 12:14:48.494 [main] SimpleUrlHandlerMapping - Mapped URL path [/**/favicon.ico] onto handler of type [class org.springframework.web.servlet.resource.ResourceHttpRequestHandler]
[INFO ] 2018-06-14 12:14:48.627 [main] RequestMappingHandlerAdapter - Looking for @ControllerAdvice: org.springframework.boot.web.servlet.context.AnnotationConfigServletWebServerApplicationContext@3315d2d7: startup date [Thu Jun 14 12:14:47 YEKT 2018]; root of context hierarchy
[INFO ] 2018-06-14 12:14:48.716 [main] RequestMappingHandlerMapping - Mapped "{[/in],methods=[GET]}" onto public java.lang.String logging.ControllerLogging.getIn()
[INFO ] 2018-06-14 12:14:48.719 [main] RequestMappingHandlerMapping - Mapped "{[/error]}" onto public org.springframework.http.ResponseEntity<java.util.Map<java.lang.String, java.lang.Object>> org.springframework.boot.autoconfigure.web.servlet.error.BasicErrorController.error(javax.servlet.http.HttpServletRequest)
[INFO ] 2018-06-14 12:14:48.719 [main] RequestMappingHandlerMapping - Mapped "{[/error],produces=[text/html]}" onto public org.springframework.web.servlet.ModelAndView org.springframework.boot.autoconfigure.web.servlet.error.BasicErrorController.errorHtml(javax.servlet.http.HttpServletRequest,javax.servlet.http.HttpServletResponse)
[INFO ] 2018-06-14 12:14:48.736 [main] SimpleUrlHandlerMapping - Mapped URL path [/webjars/**] onto handler of type [class org.springframework.web.servlet.resource.ResourceHttpRequestHandler]
[INFO ] 2018-06-14 12:14:48.736 [main] SimpleUrlHandlerMapping - Mapped URL path [/**] onto handler of type [class org.springframework.web.servlet.resource.ResourceHttpRequestHandler]
[INFO ] 2018-06-14 12:15:31.020 [http-nio-8080-exec-1] DispatcherServlet - FrameworkServlet 'dispatcherServlet': initialization started
[INFO ] 2018-06-14 12:15:31.031 [http-nio-8080-exec-1] DispatcherServlet - FrameworkServlet 'dispatcherServlet': initialization completed in 11 ms
[INFO ] 2018-06-14 12:17:38.268 [localhost-startStop-1] ContextLoader - Root WebApplicationContext: initialization completed in 927 ms
[INFO ] 2018-06-14 12:17:38.453 [main] SimpleUrlHandlerMapping - Mapped URL path [/**/favicon.ico] onto handler of type [class org.springframework.web.servlet.resource.ResourceHttpRequestHandler]
[INFO ] 2018-06-14 12:17:38.596 [main] RequestMappingHandlerAdapter - Looking for @ControllerAdvice: org.springframework.boot.web.servlet.context.AnnotationConfigServletWebServerApplicationContext@7ee8290b: startup date [Thu Jun 14 12:17:37 YEKT 2018]; root of context hierarchy
[INFO ] 2018-06-14 12:17:38.696 [main] RequestMappingHandlerMapping - Mapped "{[/in],methods=[GET]}" onto public java.lang.String logging.ControllerLogging.getIn()
[INFO ] 2018-06-14 12:17:38.700 [main] RequestMappingHandlerMapping - Mapped "{[/error]}" onto public org.springframework.http.ResponseEntity<java.util.Map<java.lang.String, java.lang.Object>> org.springframework.boot.autoconfigure.web.servlet.error.BasicErrorController.error(javax.servlet.http.HttpServletRequest)
[INFO ] 2018-06-14 12:17:38.701 [main] RequestMappingHandlerMapping - Mapped "{[/error],produces=[text/html]}" onto public org.springframework.web.servlet.ModelAndView org.springframework.boot.autoconfigure.web.servlet.error.BasicErrorController.errorHtml(javax.servlet.http.HttpServletRequest,javax.servlet.http.HttpServletResponse)
[INFO ] 2018-06-14 12:17:38.718 [main] SimpleUrlHandlerMapping - Mapped URL path [/webjars/**] onto handler of type [class org.springframework.web.servlet.resource.ResourceHttpRequestHandler]
[INFO ] 2018-06-14 12:17:38.719 [main] SimpleUrlHandlerMapping - Mapped URL path [/**] onto handler of type [class org.springframework.web.servlet.resource.ResourceHttpRequestHandler]
[INFO ] 2018-06-14 12:17:44.523 [http-nio-8080-exec-2] DispatcherServlet - FrameworkServlet 'dispatcherServlet': initialization started
[INFO ] 2018-06-14 12:17:44.532 [http-nio-8080-exec-2] DispatcherServlet - FrameworkServlet 'dispatcherServlet': initialization completed in 9 ms
[INFO ] 2018-06-14 12:18:55.206 [localhost-startStop-1] ContextLoader - Root WebApplicationContext: initialization completed in 897 ms
[INFO ] 2018-06-14 12:18:55.358 [main] SimpleUrlHandlerMapping - Mapped URL path [/**/favicon.ico] onto handler of type [class org.springframework.web.servlet.resource.ResourceHttpRequestHandler]
[INFO ] 2018-06-14 12:18:55.489 [main] RequestMappingHandlerAdapter - Looking for @ControllerAdvice: org.springframework.boot.web.servlet.context.AnnotationConfigServletWebServerApplicationContext@c86b9e3: startup date [Thu Jun 14 12:18:54 YEKT 2018]; root of context hierarchy
[INFO ] 2018-06-14 12:18:55.579 [main] RequestMappingHandlerMapping - Mapped "{[/in],methods=[GET]}" onto public java.lang.String logging.ControllerLogging.getIn()
[INFO ] 2018-06-14 12:18:55.582 [main] RequestMappingHandlerMapping - Mapped "{[/error]}" onto public org.springframework.http.ResponseEntity<java.util.Map<java.lang.String, java.lang.Object>> org.springframework.boot.autoconfigure.web.servlet.error.BasicErrorController.error(javax.servlet.http.HttpServletRequest)
[INFO ] 2018-06-14 12:18:55.582 [main] RequestMappingHandlerMapping - Mapped "{[/error],produces=[text/html]}" onto public org.springframework.web.servlet.ModelAndView org.springframework.boot.autoconfigure.web.servlet.error.BasicErrorController.errorHtml(javax.servlet.http.HttpServletRequest,javax.servlet.http.HttpServletResponse)
[INFO ] 2018-06-14 12:18:55.597 [main] SimpleUrlHandlerMapping - Mapped URL path [/webjars/**] onto handler of type [class org.springframework.web.servlet.resource.ResourceHttpRequestHandler]
[INFO ] 2018-06-14 12:18:55.597 [main] SimpleUrlHandlerMapping - Mapped URL path [/**] onto handler of type [class org.springframework.web.servlet.resource.ResourceHttpRequestHandler]
[INFO ] 2018-06-14 12:19:06.901 [http-nio-8080-exec-1] DispatcherServlet - FrameworkServlet 'dispatcherServlet': initialization started
[INFO ] 2018-06-14 12:19:06.911 [http-nio-8080-exec-1] DispatcherServlet - FrameworkServlet 'dispatcherServlet': initialization completed in 10 ms
